mode: set
local/metrics-downsampling-job/main.go:9.13,15.22 3 0
local/metrics-downsampling-job/main.go:18.2,20.19 3 0
local/metrics-downsampling-job/main.go:24.2,34.25 7 0
local/metrics-downsampling-job/main.go:15.22,17.3 1 0
local/metrics-downsampling-job/main.go:20.19,22.3 1 0
local/metrics-downsampling-job/main.go:37.60,45.2 3 0
local/metrics-downsampling-job/main.go:47.29,48.16 1 0
local/metrics-downsampling-job/main.go:48.16,50.3 1 0
local/metrics-downsampling-job/metrics.go:17.81,25.2 1 0
local/metrics-downsampling-job/metrics.go:27.55,49.2 18 0
local/metrics-downsampling-job/metrics.go:51.37,53.2 1 1
local/metrics-downsampling-job/metrics.go:55.46,57.2 1 1
local/metrics-downsampling-job/metrics.go:59.48,60.23 1 1
local/metrics-downsampling-job/metrics.go:63.2,66.22 4 1
local/metrics-downsampling-job/metrics.go:60.23,62.3 1 0
local/metrics-downsampling-job/metrics.go:69.52,71.17 2 1
local/metrics-downsampling-job/metrics.go:71.17,73.3 1 0
local/metrics-downsampling-job/metrics.go:76.41,78.2 1 1
local/metrics-downsampling-job/metrics.go:80.53,82.2 1 0
local/metrics-downsampling-job/metrics.go:84.45,86.2 1 1
local/metrics-downsampling-job/error.go:11.34,13.2 1 1
local/metrics-downsampling-job/dbservice.go:20.47,21.32 1 0
local/metrics-downsampling-job/dbservice.go:21.32,23.3 1 0
local/metrics-downsampling-job/dbservice.go:23.3,25.3 1 0
local/metrics-downsampling-job/dbservice.go:28.72,30.16 2 0
local/metrics-downsampling-job/dbservice.go:34.2,34.19 1 0
local/metrics-downsampling-job/dbservice.go:30.16,32.3 1 0
local/metrics-downsampling-job/dbservice.go:37.61,44.16 7 1
local/metrics-downsampling-job/dbservice.go:48.2,48.12 1 1
local/metrics-downsampling-job/dbservice.go:44.16,46.3 1 0
local/metrics-downsampling-job/dbservice.go:51.59,56.2 4 1
local/metrics-downsampling-job/dbservice.go:58.55,66.16 8 1
local/metrics-downsampling-job/dbservice.go:70.2,70.12 1 1
local/metrics-downsampling-job/dbservice.go:66.16,68.3 1 0
local/metrics-downsampling-job/downsampler.go:19.77,21.16 2 0
local/metrics-downsampling-job/downsampler.go:24.2,24.114 1 0
local/metrics-downsampling-job/downsampler.go:21.16,23.3 1 0
local/metrics-downsampling-job/downsampler.go:27.61,30.47 2 1
local/metrics-downsampling-job/downsampler.go:35.2,35.46 1 1
local/metrics-downsampling-job/downsampler.go:76.2,76.12 1 1
local/metrics-downsampling-job/downsampler.go:30.47,32.3 1 1
local/metrics-downsampling-job/downsampler.go:35.46,41.34 4 1
local/metrics-downsampling-job/downsampler.go:46.3,47.17 2 1
local/metrics-downsampling-job/downsampler.go:57.3,65.100 6 1
local/metrics-downsampling-job/downsampler.go:72.3,73.12 2 1
local/metrics-downsampling-job/downsampler.go:41.34,43.4 1 1
local/metrics-downsampling-job/downsampler.go:47.17,50.19 2 0
local/metrics-downsampling-job/downsampler.go:53.4,53.14 1 0
local/metrics-downsampling-job/downsampler.go:50.19,52.5 1 0
local/metrics-downsampling-job/downsampler.go:65.100,67.18 2 1
local/metrics-downsampling-job/downsampler.go:67.18,69.5 1 0
local/metrics-downsampling-job/downsampler.go:79.31,81.2 1 1
local/metrics-downsampling-job/dynamodb.go:17.62,22.2 2 0
local/metrics-downsampling-job/dynamodb.go:24.44,29.2 4 0
local/metrics-downsampling-job/dynamodb.go:31.69,42.16 4 1
local/metrics-downsampling-job/dynamodb.go:45.2,46.16 2 1
local/metrics-downsampling-job/dynamodb.go:49.2,49.19 1 1
local/metrics-downsampling-job/dynamodb.go:42.16,44.3 1 1
local/metrics-downsampling-job/dynamodb.go:46.16,48.3 1 0
local/metrics-downsampling-job/dynamodb.go:52.63,54.16 2 1
local/metrics-downsampling-job/dynamodb.go:58.2,63.16 2 1
local/metrics-downsampling-job/dynamodb.go:67.2,68.20 2 1
local/metrics-downsampling-job/dynamodb.go:54.16,56.3 1 0
local/metrics-downsampling-job/dynamodb.go:63.16,65.3 1 1
local/metrics-downsampling-job/dynamodb.go:71.55,73.2 1 1
local/metrics-downsampling-job/filerepo.go:12.44,15.2 2 0
local/metrics-downsampling-job/filerepo.go:17.69,19.2 1 1
local/metrics-downsampling-job/filerepo.go:21.63,23.16 2 1
local/metrics-downsampling-job/filerepo.go:27.2,28.16 2 1
local/metrics-downsampling-job/filerepo.go:32.2,33.20 2 1
local/metrics-downsampling-job/filerepo.go:23.16,25.3 1 0
local/metrics-downsampling-job/filerepo.go:28.16,30.3 1 0
local/metrics-downsampling-job/filerepo.go:36.51,39.16 3 1
local/metrics-downsampling-job/filerepo.go:43.2,44.16 2 1
local/metrics-downsampling-job/filerepo.go:47.2,47.19 1 1
local/metrics-downsampling-job/filerepo.go:39.16,41.3 1 0
local/metrics-downsampling-job/filerepo.go:44.16,46.3 1 0
local/metrics-downsampling-job/influxdb.go:21.61,25.16 4 1
local/metrics-downsampling-job/influxdb.go:28.2,29.16 2 1
local/metrics-downsampling-job/influxdb.go:33.2,36.16 3 1
local/metrics-downsampling-job/influxdb.go:25.16,27.3 1 0
local/metrics-downsampling-job/influxdb.go:29.16,31.3 1 0
local/metrics-downsampling-job/influxdb.go:39.59,42.2 1 1
local/metrics-downsampling-job/influxdb.go:44.60,47.2 1 1
local/metrics-downsampling-job/influxdb.go:49.83,56.2 1 1
local/metrics-downsampling-job/influxdb.go:58.79,64.16 4 1
local/metrics-downsampling-job/influxdb.go:70.2,72.16 2 1
local/metrics-downsampling-job/influxdb.go:76.2,76.21 1 1
local/metrics-downsampling-job/influxdb.go:64.16,66.3 1 1
local/metrics-downsampling-job/influxdb.go:72.16,74.3 1 0
local/metrics-downsampling-job/influxdb.go:79.79,86.16 2 1
local/metrics-downsampling-job/influxdb.go:91.2,91.36 1 1
local/metrics-downsampling-job/influxdb.go:124.2,127.39 3 1
local/metrics-downsampling-job/influxdb.go:131.2,131.30 1 1
local/metrics-downsampling-job/influxdb.go:86.16,88.3 1 0
local/metrics-downsampling-job/influxdb.go:91.36,94.37 1 1
local/metrics-downsampling-job/influxdb.go:94.37,100.36 2 1
local/metrics-downsampling-job/influxdb.go:105.4,106.18 2 1
local/metrics-downsampling-job/influxdb.go:113.4,114.18 2 1
local/metrics-downsampling-job/influxdb.go:119.4,119.19 1 1
local/metrics-downsampling-job/influxdb.go:100.36,103.5 1 1
local/metrics-downsampling-job/influxdb.go:106.18,108.5 1 0
local/metrics-downsampling-job/influxdb.go:114.18,116.5 1 0
local/metrics-downsampling-job/influxdb.go:127.39,129.3 1 0
local/metrics-downsampling-job/influxdb.go:134.76,139.2 3 1
local/metrics-downsampling-job/influxdb.go:141.71,151.48 3 1
local/metrics-downsampling-job/influxdb.go:161.2,161.17 1 1
local/metrics-downsampling-job/influxdb.go:151.48,152.30 1 1
local/metrics-downsampling-job/influxdb.go:155.3,155.25 1 1
local/metrics-downsampling-job/influxdb.go:152.30,154.4 1 0
local/metrics-downsampling-job/influxdb.go:156.3,158.3 1 1
local/metrics-downsampling-job/query.go:24.49,26.2 1 1
local/metrics-downsampling-job/query.go:28.47,30.16 2 1
local/metrics-downsampling-job/query.go:34.2,34.27 1 1
local/metrics-downsampling-job/query.go:30.16,32.3 1 0
local/metrics-downsampling-job/config.go:45.49,48.16 3 1
local/metrics-downsampling-job/config.go:52.2,53.16 2 1
local/metrics-downsampling-job/config.go:57.2,58.16 2 1
local/metrics-downsampling-job/config.go:62.2,63.16 2 1
local/metrics-downsampling-job/config.go:67.2,68.16 2 1
local/metrics-downsampling-job/config.go:72.2,104.15 2 1
local/metrics-downsampling-job/config.go:48.16,50.3 1 0
local/metrics-downsampling-job/config.go:53.16,55.3 1 0
local/metrics-downsampling-job/config.go:58.16,60.3 1 0
local/metrics-downsampling-job/config.go:63.16,65.3 1 0
local/metrics-downsampling-job/config.go:68.16,70.3 1 0
local/metrics-downsampling-job/taskmanager.go:19.77,21.16 2 0
local/metrics-downsampling-job/taskmanager.go:25.2,25.111 1 0
local/metrics-downsampling-job/taskmanager.go:21.16,23.3 1 0
local/metrics-downsampling-job/taskmanager.go:28.46,30.2 1 0
local/metrics-downsampling-job/taskmanager.go:32.66,34.13 2 0
local/metrics-downsampling-job/taskmanager.go:34.13,36.3 1 0
local/metrics-downsampling-job/taskmanager.go:39.69,47.16 5 1
local/metrics-downsampling-job/taskmanager.go:54.2,54.43 1 1
local/metrics-downsampling-job/taskmanager.go:89.2,92.18 4 1
local/metrics-downsampling-job/taskmanager.go:47.16,51.3 3 0
local/metrics-downsampling-job/taskmanager.go:54.43,59.25 3 1
local/metrics-downsampling-job/taskmanager.go:69.3,70.17 2 1
local/metrics-downsampling-job/taskmanager.go:77.3,78.17 2 1
local/metrics-downsampling-job/taskmanager.go:59.25,61.18 2 1
local/metrics-downsampling-job/taskmanager.go:61.18,65.5 3 1
local/metrics-downsampling-job/taskmanager.go:70.17,74.4 3 1
local/metrics-downsampling-job/taskmanager.go:78.17,82.4 3 1
local/metrics-downsampling-job/taskmanager.go:84.3,86.3 1 1
local/metrics-downsampling-job/taskmanager.go:95.65,96.56 1 1
local/metrics-downsampling-job/taskmanager.go:99.2,99.14 1 1
local/metrics-downsampling-job/taskmanager.go:96.56,98.3 1 1
local/metrics-downsampling-job/taskmanager.go:102.64,107.16 4 1
local/metrics-downsampling-job/taskmanager.go:111.2,112.12 2 1
local/metrics-downsampling-job/taskmanager.go:107.16,109.3 1 1
local/metrics-downsampling-job/taskmanager.go:115.47,119.2 3 1
local/metrics-downsampling-job/taskmanager.go:121.32,124.2 2 1
